google-play-services_lib/build/outputs/logs/manifest-merger-debug-report.txt
-- Merging decision tree log ---
manifest
ADDED from KippinProductionCode/google-play-services_lib/AndroidManifest.xml:16:1-26:12
INJECTED from KippinProductionCode/google-play-services_lib/AndroidManifest.xml:16:1-26:12
INJECTED from KippinProductionCode/google-play-services_lib/AndroidManifest.xml:16:1-26:12
	package
		ADDED from KippinProductionCode/google-play-services_lib/AndroidManifest.xml:17:11-43
		INJECTED from KippinProductionCode/google-play-services_lib/AndroidManifest.xml
		INJECTED from KippinProductionCode/google-play-services_lib/AndroidManifest.xml
	xmlns:android
		ADDED from KippinProductionCode/google-play-services_lib/AndroidManifest.xml:16:11-69
uses-sdk
ADDED from KippinProductionCode/google-play-services_lib/AndroidManifest.xml:18:5-42
	android:minSdkVersion
		ADDED from KippinProductionCode/google-play-services_lib/AndroidManifest.xml:18:15-40
application
ADDED from KippinProductionCode/google-play-services_lib/AndroidManifest.xml:20:5-24:19
meta-data#com.google.android.gms.version
ADDED from KippinProductionCode/google-play-services_lib/AndroidManifest.xml:21:9-23:69
	android:value
		ADDED from KippinProductionCode/google-play-services_lib/AndroidManifest.xml:23:13-66
	android:name
		ADDED from KippinProductionCode/google-play-services_lib/AndroidManifest.xml:22:13-58